E:\test\vs2010_libevent\Debug\LibEvent2021.lib
E:\TEST\VS2010_LIBEVENT\LIBEVENT2021\DEBUG\BUFFER.OBJ
E:\TEST\VS2010_LIBEVENT\LIBEVENT2021\DEBUG\BUFFER_IOCP.OBJ
E:\TEST\VS2010_LIBEVENT\LIBEVENT2021\DEBUG\BUFFEREVENT.OBJ
E:\TEST\VS2010_LIBEVENT\LIBEVENT2021\DEBUG\BUFFEREVENT_ASYNC.OBJ
E:\TEST\VS2010_LIBEVENT\LIBEVENT2021\DEBUG\BUFFEREVENT_FILTER.OBJ
E:\TEST\VS2010_LIBEVENT\LIBEVENT2021\DEBUG\BUFFEREVENT_OPENSSL.OBJ
E:\TEST\VS2010_LIBEVENT\LIBEVENT2021\DEBUG\BUFFEREVENT_PAIR.OBJ
E:\TEST\VS2010_LIBEVENT\LIBEVENT2021\DEBUG\BUFFEREVENT_RATELIM.OBJ
E:\TEST\VS2010_LIBEVENT\LIBEVENT2021\DEBUG\BUFFEREVENT_SOCK.OBJ
E:\test\vs2010_libevent\LibEvent2021\Debug\cl.command.1.tlog
E:\test\vs2010_libevent\LibEvent2021\Debug\CL.read.1.tlog
E:\test\vs2010_libevent\LibEvent2021\Debug\CL.write.1.tlog
E:\TEST\VS2010_LIBEVENT\LIBEVENT2021\DEBUG\EVDNS.OBJ
E:\TEST\VS2010_LIBEVENT\LIBEVENT2021\DEBUG\EVENT.OBJ
E:\TEST\VS2010_LIBEVENT\LIBEVENT2021\DEBUG\EVENT_IOCP.OBJ
E:\TEST\VS2010_LIBEVENT\LIBEVENT2021\DEBUG\EVENT_TAGGING.OBJ
E:\TEST\VS2010_LIBEVENT\LIBEVENT2021\DEBUG\EVMAP.OBJ
E:\TEST\VS2010_LIBEVENT\LIBEVENT2021\DEBUG\EVRPC.OBJ
E:\TEST\VS2010_LIBEVENT\LIBEVENT2021\DEBUG\EVTHREAD.OBJ
E:\TEST\VS2010_LIBEVENT\LIBEVENT2021\DEBUG\EVTHREAD_WIN32.OBJ
E:\TEST\VS2010_LIBEVENT\LIBEVENT2021\DEBUG\EVUTIL.OBJ
E:\TEST\VS2010_LIBEVENT\LIBEVENT2021\DEBUG\EVUTIL_RAND.OBJ
E:\TEST\VS2010_LIBEVENT\LIBEVENT2021\DEBUG\HTTP.OBJ
E:\test\vs2010_libevent\LibEvent2021\Debug\lib.command.1.tlog
E:\test\vs2010_libevent\LibEvent2021\Debug\LibEvent2021.write.1.tlog
E:\test\vs2010_libevent\LibEvent2021\Debug\Lib-link.read.1.tlog
E:\test\vs2010_libevent\LibEvent2021\Debug\Lib-link.write.1.tlog
E:\TEST\VS2010_LIBEVENT\LIBEVENT2021\DEBUG\LISTENER.OBJ
E:\TEST\VS2010_LIBEVENT\LIBEVENT2021\DEBUG\LOG.OBJ
E:\TEST\VS2010_LIBEVENT\LIBEVENT2021\DEBUG\SIGNAL.OBJ
E:\TEST\VS2010_LIBEVENT\LIBEVENT2021\DEBUG\STRLCPY.OBJ
E:\test\vs2010_libevent\LibEvent2021\Debug\vc100.idb
E:\TEST\VS2010_LIBEVENT\LIBEVENT2021\DEBUG\VC100.PDB
E:\TEST\VS2010_LIBEVENT\LIBEVENT2021\DEBUG\WIN32SELECT.OBJ
